Сборка начата 04.12.2025 13:15:56.
Уровень детализации журнала: Normal.     1>Проект "C:\лабы\Смелов\ПСКП\13\Lab13\Client13-03\Client13-03.vcxproj" в узле 2 (целевые объекты Build).
     1>PrepareForBuild:
         Структурированный вывод включен. Форматирование диагностики компилятора будет отражать иерархию ошибок. Подробнее см. https://aka.ms/cpp/structured-output.
       InitializeBuildStatus:
         Создание "x64\Debug\Server13-01.tlog\unsuccessfulbuild", так как было задано "AlwaysCreate".
         Обращение к "x64\Debug\Server13-01.tlog\unsuccessfulbuild".
       ClCompile:
         C:\Program Files\Microsoft Visual Studio\2022\Community\VC\Tools\MSVC\14.44.35207\bin\HostX64\x64\CL.exe /c /ZI /JMC /nologo /W3 /WX- /diagnostics:column /sdl /Od /D _DEBUG /D _CONSOLE /D _UNICODE /D UNICODE /Gm- /EHsc /RTC1 /MDd /GS /fp:precise /Zc:wchar_t /Zc:forScope /Zc:inline /permissive- /Fo"x64\Debug\\" /Fd"x64\Debug\vc143.pdb" /external:W3 /Gd /TP /FC /errorReport:prompt "Server13-01.cpp"
         Server13-01.cpp
     1>C:\лабы\Смелов\ПСКП\13\Lab13\Client13-03\Server13-01.cpp(33,61): warning C4267: аргумент: преобразование из "size_t" в "int"; возможна потеря данных
       Link:
         C:\Program Files\Microsoft Visual Studio\2022\Community\VC\Tools\MSVC\14.44.35207\bin\HostX64\x64\link.exe /ERRORREPORT:PROMPT /OUT:"C:\лабы\Смелов\ПСКП\13\Lab13\x64\Debug\Server13-01.exe" /INCREMENTAL /ILK:"x64\Debug\Server13-01.ilk" /NOLOGO kernel32.lib user32.lib gdi32.lib winspool.lib comdlg32.lib advapi32.lib shell32.lib ole32.lib oleaut32.lib uuid.lib odbc32.lib odbccp32.lib /MANIFEST /MANIFESTUAC:"level='asInvoker' uiAccess='false'" /manifest:embed /DEBUG /PDB:"C:\лабы\Смелов\ПСКП\13\Lab13\x64\Debug\Server13-01.pdb" /SUBSYSTEM:CONSOLE /TLBID:1 /DYNAMICBASE /NXCOMPAT /IMPLIB:"C:\лабы\Смелов\ПСКП\13\Lab13\x64\Debug\Server13-01.lib" /MACHINE:X64 "x64\Debug\Server13-01.obj"
         Client13-03.vcxproj -> C:\лабы\Смелов\ПСКП\13\Lab13\x64\Debug\Server13-01.exe
       FinalizeBuildStatus:
         Файл "x64\Debug\Server13-01.tlog\unsuccessfulbuild" удаляется.
         Обращение к "x64\Debug\Server13-01.tlog\Server13-01.lastbuildstate".
     1>Сборка проекта "C:\лабы\Смелов\ПСКП\13\Lab13\Client13-03\Client13-03.vcxproj" завершена (целевые объекты Build).

Сборка успешно завершена.

       "C:\лабы\Смелов\ПСКП\13\Lab13\Client13-03\Client13-03.vcxproj" (целевой объект Build ) (1) ->
       (Целевой объект ClCompile) -> 
         C:\лабы\Смелов\ПСКП\13\Lab13\Client13-03\Server13-01.cpp(33,61): warning C4267: аргумент: преобразование из "size_t" в "int"; возможна потеря данных

    Предупреждений: 1
    Ошибок: 0

Прошло времени 00:00:03.00
